Using pre-set license
Built from '2020.3/release' branch; Version is '2020.3.7f1 (dd97f2c94397) revision 14522354'; Using compiler version '192528614'; Build Type 'Release'
OS: 'Windows 10 Home; OS build 19042.985; Version 2009; 64bit' Language: 'ko' Physical Memory: 16326 MB
BatchMode: 1, IsHumanControllingUs: 0, StartBugReporterOnCrash: 0, Is64bit: 1, IsPro: 0

 COMMAND LINE ARGUMENTS:
E:\_Unity\2020.3.7f1\Editor\Unity.exe
-adb2
-batchMode
-noUpm
-name
AssetImportWorker0
-projectPath
C:/Users/yejun/Desktop/Bolt
-logFile
Logs/AssetImportWorker0.log
-srvPort
59351
Successfully changed project path to: C:/Users/yejun/Desktop/Bolt
C:/Users/yejun/Desktop/Bolt
Using Asset Import Pipeline V2.
Refreshing native plugins compatible for Editor in 47.67 ms, found 2 plugins.
Preloading 0 native plugins for Editor in 0.00 ms.
Initialize engine version: 2020.3.7f1 (dd97f2c94397)
[Subsystems] Discovering subsystems at path E:/_Unity/2020.3.7f1/Editor/Data/Resources/UnitySubsystems
[Subsystems] Discovering subsystems at path C:/Users/yejun/Desktop/Bolt/Assets
GfxDevice: creating device client; threaded=0
Direct3D:
    Version:  Direct3D 11.0 [level 11.1]
    Renderer: NVIDIA GeForce RTX 2060 SUPER (ID=0x1f06)
    Vendor:   
    VRAM:     8031 MB
    Driver:   27.21.14.5671
Initialize mono
Mono path[0] = 'E:/_Unity/2020.3.7f1/Editor/Data/Managed'
Mono path[1] = 'E:/_Unity/2020.3.7f1/Editor/Data/MonoBleedingEdge/lib/mono/unityjit'
Mono config path = 'E:/_Unity/2020.3.7f1/Editor/Data/MonoBleedingEdge/etc'
Using monoOptions --debugger-agent=transport=dt_socket,embedding=1,server=y,suspend=n,address=127.0.0.1:56920
Begin MonoManager ReloadAssembly
Registering precompiled unity dll's ...
Register platform support module: E:/_Unity/2020.3.7f1/Editor/Data/PlaybackEngines/WindowsStandaloneSupport/UnityEditor.WindowsStandalone.Extensions.dll
Registered in 0.001215 seconds.
Native extension for WindowsStandalone target not found
Refreshing native plugins compatible for Editor in 41.84 ms, found 2 plugins.
Preloading 0 native plugins for Editor in 0.00 ms.
Mono: successfully reloaded assembly
- Completed reload, in  1.750 seconds
Platform modules already initialized, skipping
Registering precompiled user dll's ...
Registered in 0.009777 seconds.
Begin MonoManager ReloadAssembly
Native extension for WindowsStandalone target not found
Refreshing native plugins compatible for Editor in 38.92 ms, found 2 plugins.
Preloading 0 native plugins for Editor in 0.00 ms.
Mono: successfully reloaded assembly
- Completed reload, in  1.119 seconds
Platform modules already initialized, skipping
========================================================================
Worker process is ready to serve import requests
Launched and connected shader compiler UnityShaderCompiler.exe after 0.05 seconds
Refreshing native plugins compatible for Editor in 1.38 ms, found 2 plugins.
Preloading 0 native plugins for Editor in 0.00 ms.
Unloading 1826 Unused Serialized files (Serialized files now loaded: 0)
System memory in use before: 88.6 MB.
System memory in use after: 88.6 MB.

Unloading 40 unused Assets to reduce memory usage. Loaded Objects now: 2337.
Total: 2.503000 ms (FindLiveObjects: 0.263700 ms CreateObjectMapping: 0.207500 ms MarkObjects: 1.909100 ms  DeleteObjects: 0.121500 ms)

========================================================================
Received Import Request.
  path: Assets/Macros/Player.asset
  artifactKey: Guid(53a0127baffc9244ba61510b20150ba9) Importer(815301076,1909f56bfc062723c751e8b465ee728b)
Start importing Assets/Macros/Player.asset using Guid(53a0127baffc9244ba61510b20150ba9) Importer(815301076,1909f56bfc062723c751e8b465ee728b)  -> (artifact id: '85b8806e114da358eb92ea214a151bd9') in 0.569192 seconds
  Import took 0.573322 seconds .

========================================================================
Received Import Request.
  Time since last request: 0.000275 seconds.
  path: Assets/Macros/Scrolling.asset
  artifactKey: Guid(4b6786a45ac45b24ab895b1e6f94d9cc) Importer(815301076,1909f56bfc062723c751e8b465ee728b)
Start importing Assets/Macros/Scrolling.asset using Guid(4b6786a45ac45b24ab895b1e6f94d9cc) Importer(815301076,1909f56bfc062723c751e8b465ee728b)  -> (artifact id: 'd58dac46ba83ecb52ab1555e2f4c21af') in 0.069404 seconds
  Import took 0.072332 seconds .

========================================================================
Received Import Request.
  Time since last request: 0.000206 seconds.
  path: Assets/Bolt 2D DinoRun VE1/ReadMe/Icon.png
  artifactKey: Guid(863eba89c3a1fe745b8aca9216f926b8) Importer(815301076,1909f56bfc062723c751e8b465ee728b)
Start importing Assets/Bolt 2D DinoRun VE1/ReadMe/Icon.png using Guid(863eba89c3a1fe745b8aca9216f926b8) Importer(815301076,1909f56bfc062723c751e8b465ee728b)  -> (artifact id: 'f2f0e7bb3a6902dbdd5a918f9dbb9370') in 0.104743 seconds
  Import took 0.107528 seconds .

========================================================================
Received Import Request.
  Time since last request: 0.000196 seconds.
  path: Assets/Macros/Reposition.asset
  artifactKey: Guid(65787627880788547bec3184c3b69be1) Importer(815301076,1909f56bfc062723c751e8b465ee728b)
Start importing Assets/Macros/Reposition.asset using Guid(65787627880788547bec3184c3b69be1) Importer(815301076,1909f56bfc062723c751e8b465ee728b)  -> (artifact id: '830346654071b46ec84bbdd1864fcdfd') in 0.040875 seconds
  Import took 0.043751 seconds .

========================================================================
Received Import Request.
  Time since last request: 290.107442 seconds.
  path: Assets/Macros/MoveSide.asset
  artifactKey: Guid(d5e0b89dbe864a7419e6cb2ff5eef989) Importer(815301076,1909f56bfc062723c751e8b465ee728b)
Start importing Assets/Macros/MoveSide.asset using Guid(d5e0b89dbe864a7419e6cb2ff5eef989) Importer(815301076,1909f56bfc062723c751e8b465ee728b)  -> (artifact id: '07c0a65b959d317c2f1b34557a8d9107') in 0.007351 seconds
  Import took 0.010461 seconds .

========================================================================
Received Prepare
Registering precompiled user dll's ...
Registered in 0.008508 seconds.
Begin MonoManager ReloadAssembly
Native extension for WindowsStandalone target not found
Refreshing native plugins compatible for Editor in 0.54 ms, found 2 plugins.
Preloading 0 native plugins for Editor in 0.00 ms.
Mono: successfully reloaded assembly
- Completed reload, in  0.972 seconds
Platform modules already initialized, skipping
Refreshing native plugins compatible for Editor in 0.42 ms, found 2 plugins.
Preloading 0 native plugins for Editor in 0.00 ms.
Unloading 1821 Unused Serialized files (Serialized files now loaded: 0)
System memory in use before: 88.6 MB.
System memory in use after: 88.6 MB.

Unloading 28 unused Assets to reduce memory usage. Loaded Objects now: 2343.
Total: 2.010700 ms (FindLiveObjects: 0.168900 ms CreateObjectMapping: 0.081600 ms MarkObjects: 1.658600 ms  DeleteObjects: 0.100600 ms)

AssetImportWorkerClient::OnTransportError - code=2 error=End of file
